2026-06-19 15:14:33  HeteroMini-LONG gestartet (PID 21784), max_steps=10000
2026-06-19 15:14:33  === hm_srcore_b32_R6 START ===
[HM-long] hm_srcore_b32_R6: fortgesetzt ab step 5000
[HM-long] hm_srcore_b32_R6: 10.8M Params, train 5000->10000, lr_horizon=10000, milestones=[7500, 10000]
  [hm_srcore_b32_R6] step 7500: Lfin=5.3253 WS=4.0 reuseP90=5.0 K8=674.9KB anytime=0.0209 dead=0  (752s)
  [hm_srcore_b32_R6] step 10000: Lfin=5.3557 WS=4.0 reuseP90=5.0 K8=745.9KB anytime=0.0212 dead=0  (1497s)
[HM-long] fertig hm_srcore_b32_R6 @ step 10000 -> Snapshot C:\_temp\dev\3D KI Modell\recursive-blocklm\results\hm_cont_hm_srcore_b32_R6_s0.pt
2026-06-19 15:39:43  === hm_srcore_b32_R6 exit=0 ===
2026-06-19 15:39:43  === hm_naked_b32_R6 START ===
[HM-long] hm_naked_b32_R6: fortgesetzt ab step 5000
[HM-long] hm_naked_b32_R6: 10.8M Params, train 5000->10000, lr_horizon=10000, milestones=[7500, 10000]
  [hm_naked_b32_R6] step 7500: Lfin=5.3644 WS=5.83 reuseP90=29.0 K8=1356.8KB anytime=0.0332 dead=0  (778s)
  [hm_naked_b32_R6] step 10000: Lfin=5.3833 WS=5.72 reuseP90=31.0 K8=1376.5KB anytime=0.0525 dead=3  (1556s)
[HM-long] fertig hm_naked_b32_R6 @ step 10000 -> Snapshot C:\_temp\dev\3D KI Modell\recursive-blocklm\results\hm_cont_hm_naked_b32_R6_s0.pt
2026-06-19 16:05:45  === hm_naked_b32_R6 exit=0 ===
2026-06-19 16:05:45  === hm_dense_d24 START ===
[HM-long] hm_dense_d24: fortgesetzt ab step 5000
[HM-long] hm_dense_d24: 8.7M Params, train 5000->10000, lr_horizon=10000, milestones=[7500, 10000]
  [hm_dense_d24] step 7500: Lfin=5.2896 WS=24.0 reuseP90=24.0 K8=12348.0KB anytime=0.0143 dead=0  (540s)
  [hm_dense_d24] step 10000: Lfin=5.3186 WS=24.0 reuseP90=24.0 K8=12348.0KB anytime=0.025 dead=0  (1081s)
[HM-long] fertig hm_dense_d24 @ step 10000 -> Snapshot C:\_temp\dev\3D KI Modell\recursive-blocklm\results\hm_cont_hm_dense_d24_s0.pt
2026-06-19 16:23:53  === hm_dense_d24 exit=0 ===
2026-06-19 16:23:53  === gain_analysis hm_srcore_b32_R6 START ===

=== Rekursionsgewinn hm_srcore_b32_R6 @ step 10000 (gain = loss_r1 - loss_rR) ===
Domaene     mean_gain      std     n
code           0.0392   0.0414   252
wiki           0.0226   0.0293   241
lit            0.0209   0.0257   248
web            0.0195   0.0199   219

Top-Beispiele (groesster Rekursionsgewinn):
  +0.201 [wiki ] ranchises by episode count List of American animated television series List of Canadian animated television series List 
  +0.155 [code ] .fields.related.ForeignKey', [], {'to': "orm['trans.Project']"}),             'source': ('django.db.models.fields.CharFi
  +0.153 [code ] iliates. All Rights Reserved. # # Copyright (c) 2017-2018, NVIDIA CORPORATION. All rights reserved. # # Licensed under t
  +0.148 [code ] fields.BooleanField', [], {'default': 'False'}),             'last_login': ('django.db.models.fields.DateTimeField', [],
  +0.148 [code ] iance with the License. You may obtain #    a copy of the License at # #         http://www.apache.org/licenses/LICENSE-
  +0.145 [code ]  without even the implied warranty of # MERCHANTABILITY or FITNESS FOR A PARTICULAR PURPOSE.  See the # GNU General Publ

Gespeichert: C:\_temp\dev\3D KI Modell\recursive-blocklm\results\gain_hm_srcore_b32_R6_s0.json
2026-06-19 16:24:04  === gain_analysis hm_srcore_b32_R6 exit=0 ===
2026-06-19 16:24:04  === gain_analysis hm_naked_b32_R6 START ===

=== Rekursionsgewinn hm_naked_b32_R6 @ step 10000 (gain = loss_r1 - loss_rR) ===
Domaene     mean_gain      std     n
code           0.0596   0.0693   234
web            0.0508   0.0403   269
wiki           0.0501   0.0422   246
lit            0.0289   0.0358   211

Top-Beispiele (groesster Rekursionsgewinn):
  +0.386 [code ]  or FITNESS FOR A PARTICULAR PURPOSE.  See the GNU # Lesser General Public License for more details. # # You should have
  +0.327 [code ] eflow.org. # # Licensed under the Apache License, Version 2.0 (the "License"); # you may not use this file except in com
  +0.257 [code ]  - 1] << 6) & 255;                     j += m[o]                     o += 1                 else:                   
  +0.253 [code ] .0 #  # Unless required by applicable law or agreed to in writing, # software distributed under the License is distribut
  +0.252 [code ]  either version 2 of the License, or # (at your option) any later version. # # This program is distributed in the hope t
  +0.241 [code ] . All rights reserved. # Licensed under the MIT License. See License.txt in the project root for # license information. 

Gespeichert: C:\_temp\dev\3D KI Modell\recursive-blocklm\results\gain_hm_naked_b32_R6_s0.json
2026-06-19 16:24:13  === gain_analysis hm_naked_b32_R6 exit=0 ===
2026-06-19 16:24:13  === gain_analysis hm_dense_d24 START ===

=== Rekursionsgewinn hm_dense_d24 @ step 10000 (gain = loss_r1 - loss_rR) ===
Domaene     mean_gain      std     n
code           0.0373   0.0452   247
web            0.0370   0.0328   213
wiki           0.0251   0.0339   224
lit            0.0225   0.0276   276

Top-Beispiele (groesster Rekursionsgewinn):
  +0.224 [code ] als  import datetime  import factory  from wagtail_personalisation import rules   class DayRuleFactory(factory.DjangoMod
  +0.205 [code ] , either version 3 of the License, or     (at your option) any later version.      This program is distributed in the ho
  +0.173 [code ] 19 Fortinet, Inc. # # This program is free software: you can redistribute it and/or modify # it under the terms of the G
  +0.168 [web  ]  • Life History • Ecology • Mussel Harvest on the River • Current Threats • Mussel Conservation Activities • Ongoing Stu
  +0.164 [wiki ]  a city in Belgium and capital of the Antwerp province.  Antwerp may also refer to:  In Belgium  Antwerp (district)  Ant
  +0.157 [code ]  the implied warranty of # MERCHANTABILITY or FITNESS FOR A PARTICULAR PURPOSE.  See the # GNU General Public License fo

Gespeichert: C:\_temp\dev\3D KI Modell\recursive-blocklm\results\gain_hm_dense_d24_s0.json
2026-06-19 16:24:20  === gain_analysis hm_dense_d24 exit=0 ===
2026-06-19 16:24:20  HETEROMINI-LONG FERTIG.
