2026-06-19 11:09:35  HeteroMini-LONG gestartet (PID 46728), max_steps=5000
2026-06-19 11:09:35  === hm_srcore_b32_R6 START ===
[HM-long] hm_srcore_b32_R6: 10.8M Params, train 0->5000, lr_horizon=10000, milestones=[1000, 2500, 5000]
  [hm_srcore_b32_R6] step 1000: Lfin=7.0023 WS=4.0 reuseP90=4.0 K8=158.9KB anytime=0.0027 dead=6  (298s)
  [hm_srcore_b32_R6] step 2500: Lfin=6.0815 WS=4.0 reuseP90=4.0 K8=295.7KB anytime=0.0079 dead=8  (733s)
  [hm_srcore_b32_R6] step 5000: Lfin=5.5148 WS=4.0 reuseP90=4.0 K8=504.8KB anytime=0.0131 dead=3  (1465s)
[HM-long] fertig hm_srcore_b32_R6 @ step 5000 -> Snapshot C:\_temp\dev\3D KI Modell\recursive-blocklm\results\hm_cont_hm_srcore_b32_R6_s0.pt
2026-06-19 11:34:08  === hm_srcore_b32_R6 exit=0 ===
2026-06-19 11:34:08  === hm_naked_b32_R6 START ===
[HM-long] hm_srcore_b32_R6: fortgesetzt ab step 5000
[HM-long] hm_srcore_b32_R6: bereits bei step 5000 >= 5000 — nichts zu tun.
2026-06-19 11:34:14  === hm_naked_b32_R6 exit=0 ===
2026-06-19 11:34:14  === hm_dense_d24 START ===
[HM-long] hm_dense_d24: 8.7M Params, train 0->5000, lr_horizon=10000, milestones=[1000, 2500, 5000]
  [hm_dense_d24] step 1000: Lfin=6.8188 WS=24.0 reuseP90=24.0 K8=12348.0KB anytime=0.1199 dead=0  (210s)
  [hm_dense_d24] step 2500: Lfin=5.9959 WS=24.0 reuseP90=24.0 K8=12348.0KB anytime=0.0092 dead=0  (525s)
  [hm_dense_d24] step 5000: Lfin=5.435 WS=24.0 reuseP90=24.0 K8=12348.0KB anytime=0.0093 dead=0  (1052s)
[HM-long] fertig hm_dense_d24 @ step 5000 -> Snapshot C:\_temp\dev\3D KI Modell\recursive-blocklm\results\hm_cont_hm_dense_d24_s0.pt
2026-06-19 11:51:52  === hm_dense_d24 exit=0 ===
2026-06-19 11:51:52  === hm_srcore_b64_R6 START ===
[HM-long] hm_srcore_b64_R6: 19.3M Params, train 0->5000, lr_horizon=10000, milestones=[1000, 2500, 5000]
  [hm_srcore_b64_R6] step 1000: Lfin=7.2171 WS=4.0 reuseP90=4.0 K8=42.0KB anytime=0.0005 dead=49  (516s)
  [hm_srcore_b64_R6] step 2500: Lfin=6.3165 WS=4.0 reuseP90=5.0 K8=687.0KB anytime=0.0002 dead=24  (1309s)
  [hm_srcore_b64_R6] step 5000: Lfin=5.79 WS=4.0 reuseP90=5.0 K8=789.5KB anytime=0.0004 dead=19  (2640s)
[HM-long] fertig hm_srcore_b64_R6 @ step 5000 -> Snapshot C:\_temp\dev\3D KI Modell\recursive-blocklm\results\hm_cont_hm_srcore_b64_R6_s0.pt
2026-06-19 12:36:01  === hm_srcore_b64_R6 exit=0 ===
2026-06-19 12:36:01  === hm_srcore_b32_R2 START ===
[HM-long] hm_srcore_b32_R2: 10.8M Params, train 0->5000, lr_horizon=10000, milestones=[1000, 2500, 5000]
  [hm_srcore_b32_R2] step 1000: Lfin=7.0089 WS=4.0 reuseP90=21.0 K8=422.1KB anytime=0.0013 dead=5  (104s)
  [hm_srcore_b32_R2] step 2500: Lfin=6.1754 WS=4.0 reuseP90=29.0 K8=643.1KB anytime=0.0003 dead=5  (259s)
  [hm_srcore_b32_R2] step 5000: Lfin=5.6659 WS=4.0 reuseP90=36.0 K8=843.6KB anytime=0.0001 dead=2  (517s)
[HM-long] fertig hm_srcore_b32_R2 @ step 5000 -> Snapshot C:\_temp\dev\3D KI Modell\recursive-blocklm\results\hm_cont_hm_srcore_b32_R2_s0.pt
2026-06-19 12:44:45  === hm_srcore_b32_R2 exit=0 ===
2026-06-19 12:44:45  HETEROMINI-LONG FERTIG.
