2026-06-19 08:41:12  HeteroMini-Matrix gestartet (PID 40128), steps=2000
2026-06-19 08:41:12  === hm_dense_d8 START ===
[HM] hm_dense_d8: 4.5M Params, vocab=8000, domains=['web', 'wiki', 'code', 'lit'], steps=2000
  step     1  Lfin=242.221  1s
  step   400  Lfin=7.416  31s
  step   800  Lfin=7.209  61s
  step  1200  Lfin=6.775  89s
  step  1600  Lfin=6.485  118s
  step  2000  Lfin=6.506  147s
[CKPT] Neuer Bestwert (val_loss=6.5410): C:\_temp\dev\3D KI Modell\recursive-blocklm\checkpoints\hm_dense_d8\seed_0\step_2000
[CKPT] Gespeichert: C:\_temp\dev\3D KI Modell\recursive-blocklm\checkpoints\hm_dense_d8\seed_0\step_2000
[CKPT] SHA256:      d4275650f80f309af463fa3dc79726c8089a8d178ac25e9ed1f7fe5592d4ba45
[HM] fertig hm_dense_d8: Lfin=6.541  -> C:\_temp\dev\3D KI Modell\recursive-blocklm\results\heteromini_hm_dense_d8_s0.json
2026-06-19 08:43:45  === hm_dense_d8 exit=0 ===
2026-06-19 08:43:45  === hm_dense_d24 START ===
[HM] hm_dense_d24: 8.7M Params, vocab=8000, domains=['web', 'wiki', 'code', 'lit'], steps=2000
  step     1  Lfin=227.367  1s
  step   400  Lfin=7.417  84s
  step   800  Lfin=7.172  168s
  step  1200  Lfin=6.740  252s
  step  1600  Lfin=6.431  336s
  step  2000  Lfin=6.461  420s
[CKPT] Neuer Bestwert (val_loss=6.4733): C:\_temp\dev\3D KI Modell\recursive-blocklm\checkpoints\hm_dense_d24\seed_0\step_2000
[CKPT] Gespeichert: C:\_temp\dev\3D KI Modell\recursive-blocklm\checkpoints\hm_dense_d24\seed_0\step_2000
[CKPT] SHA256:      bc0292cee88ee5ee20cd8604889d3509029e653288fa93eb6bae111cd74f9438
[HM] fertig hm_dense_d24: Lfin=6.4733  -> C:\_temp\dev\3D KI Modell\recursive-blocklm\results\heteromini_hm_dense_d24_s0.json
2026-06-19 08:50:53  === hm_dense_d24 exit=0 ===
2026-06-19 08:50:53  === hm_naked_b32_R2 START ===
[HM] hm_naked_b32_R2: 10.8M Params, vocab=8000, domains=['web', 'wiki', 'code', 'lit'], steps=2000
  step     1  Lfin=251.684  1s
  step   400  Lfin=7.547  42s
  step   800  Lfin=7.296  84s
  step  1200  Lfin=6.934  126s
  step  1600  Lfin=6.672  168s
  step  2000  Lfin=6.674  210s
[CKPT] Neuer Bestwert (val_loss=6.7556): C:\_temp\dev\3D KI Modell\recursive-blocklm\checkpoints\hm_naked_b32_R2\seed_0\step_2000
[CKPT] Gespeichert: C:\_temp\dev\3D KI Modell\recursive-blocklm\checkpoints\hm_naked_b32_R2\seed_0\step_2000
[CKPT] SHA256:      796a02a9f02ba9514712f8240e8287b85605cb800cfa1c0a1fa76d314fde382a
[HM] fertig hm_naked_b32_R2: Lfin=6.7556  -> C:\_temp\dev\3D KI Modell\recursive-blocklm\results\heteromini_hm_naked_b32_R2_s0.json
2026-06-19 08:54:31  === hm_naked_b32_R2 exit=0 ===
2026-06-19 08:54:31  === hm_naked_b32_R6 START ===
[HM] hm_naked_b32_R6: 10.8M Params, vocab=8000, domains=['web', 'wiki', 'code', 'lit'], steps=2000
  step     1  Lfin=249.065  1s
  step   400  Lfin=7.478  121s
  step   800  Lfin=7.183  243s
  step  1200  Lfin=6.800  364s
  step  1600  Lfin=6.514  485s
  step  2000  Lfin=6.481  607s
[CKPT] Neuer Bestwert (val_loss=6.5683): C:\_temp\dev\3D KI Modell\recursive-blocklm\checkpoints\hm_naked_b32_R6\seed_0\step_2000
[CKPT] Gespeichert: C:\_temp\dev\3D KI Modell\recursive-blocklm\checkpoints\hm_naked_b32_R6\seed_0\step_2000
[CKPT] SHA256:      e4945c53dc2e3386cce16e438132eb486b42004daa953e0a4ba03c03ddb9216f
[HM] fertig hm_naked_b32_R6: Lfin=6.5683  -> C:\_temp\dev\3D KI Modell\recursive-blocklm\results\heteromini_hm_naked_b32_R6_s0.json
2026-06-19 09:04:50  === hm_naked_b32_R6 exit=0 ===
2026-06-19 09:04:50  === hm_srcore_b32_R2 START ===
[HM] hm_srcore_b32_R2: 10.8M Params, vocab=8000, domains=['web', 'wiki', 'code', 'lit'], steps=2000
  step     1  Lfin=252.784  0s
  step   400  Lfin=7.496  41s
  step   800  Lfin=7.185  82s
  step  1200  Lfin=6.776  123s
  step  1600  Lfin=6.495  164s
  step  2000  Lfin=6.512  205s
[CKPT] Neuer Bestwert (val_loss=6.5606): C:\_temp\dev\3D KI Modell\recursive-blocklm\checkpoints\hm_srcore_b32_R2\seed_0\step_2000
[CKPT] Gespeichert: C:\_temp\dev\3D KI Modell\recursive-blocklm\checkpoints\hm_srcore_b32_R2\seed_0\step_2000
[CKPT] SHA256:      75fbed74b2e9c18349a5580a2c10034f2b2ffe866ee5f2744322726964b1dd61
[HM] fertig hm_srcore_b32_R2: Lfin=6.5606  -> C:\_temp\dev\3D KI Modell\recursive-blocklm\results\heteromini_hm_srcore_b32_R2_s0.json
2026-06-19 09:08:23  === hm_srcore_b32_R2 exit=0 ===
2026-06-19 09:08:23  === hm_srcore_b32_R6 START ===
[HM] hm_srcore_b32_R6: 10.8M Params, vocab=8000, domains=['web', 'wiki', 'code', 'lit'], steps=2000
  step     1  Lfin=242.291  1s
  step   400  Lfin=7.831  117s
  step   800  Lfin=7.287  232s
  step  1200  Lfin=6.929  346s
  step  1600  Lfin=6.658  462s
  step  2000  Lfin=6.628  579s
[CKPT] Neuer Bestwert (val_loss=6.7096): C:\_temp\dev\3D KI Modell\recursive-blocklm\checkpoints\hm_srcore_b32_R6\seed_0\step_2000
[CKPT] Gespeichert: C:\_temp\dev\3D KI Modell\recursive-blocklm\checkpoints\hm_srcore_b32_R6\seed_0\step_2000
[CKPT] SHA256:      214f2a7fefdf0f77820875f626a901d56b140b7a39651b59edd4dcbf66c1987d
[HM] fertig hm_srcore_b32_R6: Lfin=6.7096  -> C:\_temp\dev\3D KI Modell\recursive-blocklm\results\heteromini_hm_srcore_b32_R6_s0.json
2026-06-19 09:18:12  === hm_srcore_b32_R6 exit=0 ===
2026-06-19 09:18:12  === hm_srcore_b64_R2 START ===
[HM] hm_srcore_b64_R2: 19.3M Params, vocab=8000, domains=['web', 'wiki', 'code', 'lit'], steps=2000
  step     1  Lfin=252.923  1s
  step   400  Lfin=7.907  75s
  step   800  Lfin=7.213  149s
  step  1200  Lfin=6.833  224s
  step  1600  Lfin=6.587  299s
  step  2000  Lfin=6.591  375s
[CKPT] Neuer Bestwert (val_loss=6.6587): C:\_temp\dev\3D KI Modell\recursive-blocklm\checkpoints\hm_srcore_b64_R2\seed_0\step_2000
[CKPT] Gespeichert: C:\_temp\dev\3D KI Modell\recursive-blocklm\checkpoints\hm_srcore_b64_R2\seed_0\step_2000
[CKPT] SHA256:      f13597ba8118e76117617c7f957165603a154d1f6cdfff1ba39262ba32381ec4
[HM] fertig hm_srcore_b64_R2: Lfin=6.6587  -> C:\_temp\dev\3D KI Modell\recursive-blocklm\results\heteromini_hm_srcore_b64_R2_s0.json
2026-06-19 09:24:35  === hm_srcore_b64_R2 exit=0 ===
2026-06-19 09:24:35  === hm_srcore_b64_R6 START ===
[HM] hm_srcore_b64_R6: 19.3M Params, vocab=8000, domains=['web', 'wiki', 'code', 'lit'], steps=2000
  step     1  Lfin=243.723  1s
  step   400  Lfin=7.545  212s
  step   800  Lfin=7.281  424s
  step  1200  Lfin=6.876  639s
  step  1600  Lfin=6.640  853s
  step  2000  Lfin=6.631  1066s
[CKPT] Neuer Bestwert (val_loss=6.6869): C:\_temp\dev\3D KI Modell\recursive-blocklm\checkpoints\hm_srcore_b64_R6\seed_0\step_2000
[CKPT] Gespeichert: C:\_temp\dev\3D KI Modell\recursive-blocklm\checkpoints\hm_srcore_b64_R6\seed_0\step_2000
[CKPT] SHA256:      0a32c10d26b10ec9264d6b589609d6838310449c84c0872b1409f0eb4cd229cd
[HM] fertig hm_srcore_b64_R6: Lfin=6.6869  -> C:\_temp\dev\3D KI Modell\recursive-blocklm\results\heteromini_hm_srcore_b64_R6_s0.json
2026-06-19 09:42:32  === hm_srcore_b64_R6 exit=0 ===
2026-06-19 09:42:32  HETEROMINI-MATRIX FERTIG.
