2026-06-17 22:56:11  Pipeline gestartet (PID 18808)
2026-06-17 22:56:11  Warte auf Seed-3-Training (step_3000)
2026-06-17 23:01:11    ... warte weiter (5 min) auf Seed-3-Training (step_3000)
2026-06-17 23:06:11    ... warte weiter (10 min) auf Seed-3-Training (step_3000)
2026-06-17 23:11:11    ... warte weiter (15 min) auf Seed-3-Training (step_3000)
2026-06-17 23:15:11  Seed-3-Training (step_3000) vorhanden.
2026-06-17 23:15:31  === Kompetenzanalyse Seed 2 / tinystories_curriculum_fromIter2 ===
2026-06-17 23:15:31  RUN: -m experiments.competence_centers_exp --ckpt checkpoints/tinystories_curriculum_fromIter2/seed_2/step_3000 --analysis --device cuda
[CC] Lade TinyStories ...
[CC] 20000 Geschichten geladen.
[CC] Trainiere Tokenizer ...



[CC] Vokabular: 8000
[CC] Baue kategorisierte Fenster (heuristisch) ...
[CC] Gefundene Kategorien (6):
  Kausalitaet     :  2112 Fenster
  Koreferenz      : 24058 Fenster
  Dialog          :   835 Fenster
  Emotion         :  1120 Fenster
  Szene/Ort       :  9265 Fenster
  Zeitfolge       :   934 Fenster
[CC] SHA256 OK: 23309e12cacdd7e0...
[CC] Checkpoint geladen: tinystories_curriculum_fromIter2 seed=2 step=3000 (2026-06-17)

[CC] Sammle Routing-Daten (max 1000 Fenster/Kat) ...
[CC] Berechne Metriken ...
[CC] Baue Klassifikator-Features ...
[CC] Balanciertes Bootstrap ...
[CC] Soft-Router-Analyse ...
[CC] Einzelblock-Ablationstest ...
[CC] Gruppenablation + r=1-Kausaltest ...
[CC] Erstelle Grafiken ...
[CC] Grafik gespeichert: C:\_temp\dev\3D KI Modell\recursive-blocklm\results\competence_b64k4R6_s2_analysis_tinystories_curriculum_fromIter2_activation.png
[CC] Grafik gespeichert: C:\_temp\dev\3D KI Modell\recursive-blocklm\results\competence_b64k4R6_s2_analysis_tinystories_curriculum_fromIter2_lift.png
[CC] Grafik gespeichert: C:\_temp\dev\3D KI Modell\recursive-blocklm\results\competence_b64k4R6_s2_analysis_tinystories_curriculum_fromIter2_jaccard.png
[CC] Grafik gespeichert: C:\_temp\dev\3D KI Modell\recursive-blocklm\results\competence_b64k4R6_s2_analysis_tinystories_curriculum_fromIter2_summary.png
[CC] Grafik gespeichert: C:\_temp\dev\3D KI Modell\recursive-blocklm\results\competence_b64k4R6_s2_analysis_tinystories_curriculum_fromIter2_ablation.png
[CC] Grafik gespeichert: C:\_temp\dev\3D KI Modell\recursive-blocklm\results\competence_b64k4R6_s2_analysis_tinystories_curriculum_fromIter2_group_ablation_conds.png
[CC] Grafik gespeichert: C:\_temp\dev\3D KI Modell\recursive-blocklm\results\competence_b64k4R6_s2_analysis_tinystories_curriculum_fromIter2_r1_causal.png
[CC] Ergebnisse gespeichert: results/competence_b64k4R6_s2_analysis_tinystories_curriculum_fromIter2.json

========================================================================
KOMPETENZZENTREN-ANALYSE -- competence_b64k4R6_s2_analysis_tinystories_curriculum_fromIter2 (TinyStories)
========================================================================

Kategorien (6): causality, coreference, dialogue, emotion, scene_shift, temporal
Stichproben:
  Kausalitaet     :  2112 Fenster
  Koreferenz      : 24058 Fenster
  Dialog          :   835 Fenster
  Emotion         :  1120 Fenster
  Szene/Ort       :  9265 Fenster
  Zeitfolge       :   934 Fenster

--- Top-5 Bloecke mit hoechstem Lift (gemittelt ueber Iterationen) ---
  Kausalitaet     : Bloecke [42, 2, 45, 36, 59]  (Lift: ['1.40', '1.29', '1.23', '1.20', '1.19'])
  Koreferenz      : Bloecke [49, 26, 24, 51, 1]  (Lift: ['1.68', '1.10', '1.10', '1.10', '1.09'])
  Dialog          : Bloecke [44, 61, 35, 54, 41]  (Lift: ['1.89', '1.63', '1.35', '1.34', '1.33'])
  Emotion         : Bloecke [11, 14, 61, 30, 38]  (Lift: ['1.21', '1.20', '1.17', '1.13', '1.13'])
  Szene/Ort       : Bloecke [15, 45, 18, 51, 26]  (Lift: ['1.33', '1.25', '1.20', '1.20', '1.19'])
  Zeitfolge       : Bloecke [49, 42, 13, 22, 30]  (Lift: ['1.29', '1.23', '1.17', '1.17', '1.17'])

--- Jaccard-Overlap zwischen Kategorien (Iteration r=2) ---
                  causali  corefer  dialogu  emotion  scene_s  tempora  
  Kausalitaet         1.000    0.200    0.200    0.263    0.263    0.333
  Koreferenz          0.200    1.000    0.412    0.333    0.200    0.143
  Dialog              0.200    0.412    1.000    0.412    0.143    0.091
  Emotion             0.263    0.333    0.412    1.000    0.143    0.333
  Szene/Ort           0.263    0.200    0.143    0.143    1.000    0.263
  Zeitfolge           0.333    0.143    0.091    0.333    0.263    1.000

  Diagonale (Selbst-Overlap): 1.000
  Ausserdiagonale (Kategorie-Kreuzung): 0.249
  >> Kategorien zeigen VERSCHIEDENE Block-Praeferenzen [OK]

--- Mutual Information I(Kategorie; Block) pro Iteration ---
  r=1: 0.0053 nats
  r=2: 0.0101 nats
  r=3: 0.0101 nats
  r=4: 0.0101 nats
  r=5: 0.0101 nats
  r=6: 0.0101 nats
  Trend r=1 -> r=6: 0.0053 -> 0.0101 (steigt)

--- Klassifikator (Naechste-Zentroide auf Routing-Muster) ---
  Zufalls-Baseline: 0.167
  alle Iter (R*nb)         : 0.363  (+0.196 ggue. Zufall)
  r=1                      : 0.370  (+0.204 ggue. Zufall)
  r=2                      : 0.365  (+0.198 ggue. Zufall)
  r=3                      : 0.365  (+0.198 ggue. Zufall)
  r=4                      : 0.359  (+0.193 ggue. Zufall)
  r=5                      : 0.363  (+0.196 ggue. Zufall)
  r=6                      : 0.365  (+0.198 ggue. Zufall)
  bootstrap_mean           : 0.396  (+0.230 ggue. Zufall)
  bootstrap_ci_lo          : 0.361  (+0.194 ggue. Zufall)
  bootstrap_ci_hi          : 0.427  (+0.260 ggue. Zufall)

--- Ablationstest: Selbstschaden vs. Fremdschaden ---
  Ablate Kausalitaet     : eigen=+0.0001  andere=-0.0000  [OK] EIGEN > ANDERE
  Ablate Koreferenz      : eigen=+28.4261  andere=+27.3868  [OK] EIGEN > ANDERE
  Ablate Dialog          : eigen=+10.4381  andere=+9.3889  [OK] EIGEN > ANDERE
  Ablate Emotion         : eigen=+0.0003  andere=+0.0002  [OK] EIGEN > ANDERE
  Ablate Szene/Ort       : eigen=+0.0002  andere=-0.0000  [OK] EIGEN > ANDERE
  Ablate Zeitfolge       : eigen=+30.4129  andere=+27.2136  [OK] EIGEN > ANDERE

--- Baseline-Verlust pro Kategorie ---
  Kausalitaet     : 3.1823 Nats
  Koreferenz      : 3.4243 Nats
  Dialog          : 3.2452 Nats
  Emotion         : 3.3585 Nats
  Szene/Ort       : 3.0777 Nats
  Zeitfolge       : 3.5000 Nats

--- Interpretation ---
  ERGEBNIS B wahrscheinlich: Gemeinsamer Kern + versetzte Satelliten
  Kategorien teilen Hub-Bloecke aber haben aufgaben-spezifische Regionen.

  Ablation-Diagonale: 6/6 Kategorien mit Selbstschaden > Fremdschaden
  Bester Klassifikator: 0.427 (Zufall: 0.167)

========================================================================
GRUPPENABLATION + r=1-KAUSALTEST
========================================================================

--- n_top=5 ---
  group_all   : Diag=+336.539%  Ausserdiag=+327.455%  Dominanz=5/6  [OK]
  group_r1    : Diag=+5.761%  Ausserdiag=+5.616%  Dominanz=2/6  [--]
  group_r2r6  : Diag=+0.003%  Ausserdiag=+0.001%  Dominanz=5/6  [OK]
  random_all  : Diag=+139.016%  Ausserdiag=+141.246%  Dominanz=2/6  [--]
  usage_all   : Diag=+502.223%  Ausserdiag=+516.226%  Dominanz=1/6  [--]

--- n_top=10 ---
  group_all   : Diag=+484.161%  Ausserdiag=+462.077%  Dominanz=5/6  [OK]
  group_r1    : Diag=+7.753%  Ausserdiag=+7.751%  Dominanz=2/6  [--]
  group_r2r6  : Diag=+0.004%  Ausserdiag=+0.003%  Dominanz=3/6  [--]
  random_all  : Diag=+53.700%  Ausserdiag=+47.956%  Dominanz=3/6  [--]
  usage_all   : Diag=+504.820%  Ausserdiag=+520.476%  Dominanz=1/6  [--]

--- n_top=15 ---
  group_all   : Diag=+616.495%  Ausserdiag=+600.077%  Dominanz=5/6  [OK]
  group_r1    : Diag=+5.885%  Ausserdiag=+5.801%  Dominanz=2/6  [--]
  group_r2r6  : Diag=+0.004%  Ausserdiag=+0.005%  Dominanz=2/6  [--]
  random_all  : Diag=+438.166%  Ausserdiag=+412.854%  Dominanz=3/6  [--]
  usage_all   : Diag=+495.692%  Ausserdiag=+509.734%  Dominanz=1/6  [--]

r=1-Kausaltest (Diagonale-Mittel n_top=5):
  group_r1   : +5.761%  (Schaden durch NUR r=1-Ablation)
  group_r2r6 : +0.003%  (Schaden durch NUR r=2-6-Ablation)
  group_all  : +336.539%  (Schaden durch ALLE Iter. Ablation)
  >> r=1 traegt 2% des Gesamtschadens — Kern r=2-6 dominiert

--- Balanciertes Bootstrap (10 Draws, balanciert) ---
  Accuracy: 0.396  95%-KI: [0.361, 0.427]
  Zufall: 0.167

--- r=1-Kausal-Score (n_top=5) ---
  group_r1  : +5.746%
  group_r2r6: +0.003%
  group_all : +336.558%
  frac_r1   : 0.017  -> Kern r=2-6 dominiert [--]
[CC] Fertig.
2026-06-17 23:28:04    -> exit=0
2026-06-17 23:28:04  === Kompetenzanalyse Seed 3 / tinystories_curriculum_fromIter2 ===
2026-06-17 23:28:04  RUN: -m experiments.competence_centers_exp --ckpt checkpoints/tinystories_curriculum_fromIter2/seed_3/step_3000 --analysis --device cuda
[CC] Lade TinyStories ...
[CC] 20000 Geschichten geladen.
[CC] Trainiere Tokenizer ...



[CC] Vokabular: 8000
[CC] Baue kategorisierte Fenster (heuristisch) ...
[CC] Gefundene Kategorien (6):
  Kausalitaet     :  2112 Fenster
  Koreferenz      : 24058 Fenster
  Dialog          :   835 Fenster
  Emotion         :  1120 Fenster
  Szene/Ort       :  9265 Fenster
  Zeitfolge       :   934 Fenster
[CC] SHA256 OK: b5bedf32d298d29a...
[CC] Checkpoint geladen: tinystories_curriculum_fromIter2 seed=3 step=3000 (2026-06-17)

[CC] Sammle Routing-Daten (max 1000 Fenster/Kat) ...
[CC] Berechne Metriken ...
[CC] Baue Klassifikator-Features ...
[CC] Balanciertes Bootstrap ...
[CC] Soft-Router-Analyse ...
[CC] Einzelblock-Ablationstest ...
[CC] Gruppenablation + r=1-Kausaltest ...
[CC] Erstelle Grafiken ...
[CC] Grafik gespeichert: C:\_temp\dev\3D KI Modell\recursive-blocklm\results\competence_b64k4R6_s3_analysis_tinystories_curriculum_fromIter2_activation.png
[CC] Grafik gespeichert: C:\_temp\dev\3D KI Modell\recursive-blocklm\results\competence_b64k4R6_s3_analysis_tinystories_curriculum_fromIter2_lift.png
[CC] Grafik gespeichert: C:\_temp\dev\3D KI Modell\recursive-blocklm\results\competence_b64k4R6_s3_analysis_tinystories_curriculum_fromIter2_jaccard.png
[CC] Grafik gespeichert: C:\_temp\dev\3D KI Modell\recursive-blocklm\results\competence_b64k4R6_s3_analysis_tinystories_curriculum_fromIter2_summary.png
[CC] Grafik gespeichert: C:\_temp\dev\3D KI Modell\recursive-blocklm\results\competence_b64k4R6_s3_analysis_tinystories_curriculum_fromIter2_ablation.png
[CC] Grafik gespeichert: C:\_temp\dev\3D KI Modell\recursive-blocklm\results\competence_b64k4R6_s3_analysis_tinystories_curriculum_fromIter2_group_ablation_conds.png
[CC] Grafik gespeichert: C:\_temp\dev\3D KI Modell\recursive-blocklm\results\competence_b64k4R6_s3_analysis_tinystories_curriculum_fromIter2_r1_causal.png
[CC] Ergebnisse gespeichert: results/competence_b64k4R6_s3_analysis_tinystories_curriculum_fromIter2.json

========================================================================
KOMPETENZZENTREN-ANALYSE -- competence_b64k4R6_s3_analysis_tinystories_curriculum_fromIter2 (TinyStories)
========================================================================

Kategorien (6): causality, coreference, dialogue, emotion, scene_shift, temporal
Stichproben:
  Kausalitaet     :  2112 Fenster
  Koreferenz      : 24058 Fenster
  Dialog          :   835 Fenster
  Emotion         :  1120 Fenster
  Szene/Ort       :  9265 Fenster
  Zeitfolge       :   934 Fenster

--- Top-5 Bloecke mit hoechstem Lift (gemittelt ueber Iterationen) ---
  Kausalitaet     : Bloecke [17, 55, 49, 5, 18]  (Lift: ['1.28', '1.26', '1.24', '1.23', '1.16'])
  Koreferenz      : Bloecke [18, 7, 1, 43, 26]  (Lift: ['1.14', '1.13', '1.12', '1.12', '1.11'])
  Dialog          : Bloecke [44, 52, 24, 61, 60]  (Lift: ['1.65', '1.56', '1.49', '1.42', '1.41'])
  Emotion         : Bloecke [32, 0, 52, 30, 33]  (Lift: ['1.25', '1.23', '1.19', '1.16', '1.15'])
  Szene/Ort       : Bloecke [15, 53, 45, 2, 51]  (Lift: ['1.31', '1.28', '1.28', '1.27', '1.24'])
  Zeitfolge       : Bloecke [38, 2, 40, 36, 39]  (Lift: ['1.30', '1.26', '1.26', '1.23', '1.21'])

--- Jaccard-Overlap zwischen Kategorien (Iteration r=2) ---
                  causali  corefer  dialogu  emotion  scene_s  tempora  
  Kausalitaet         1.000    0.333    0.200    0.263    0.263    0.333
  Koreferenz          0.333    1.000    0.412    0.333    0.263    0.333
  Dialog              0.200    0.412    1.000    0.412    0.091    0.091
  Emotion             0.263    0.333    0.412    1.000    0.143    0.200
  Szene/Ort           0.263    0.263    0.091    0.143    1.000    0.263
  Zeitfolge           0.333    0.333    0.091    0.200    0.263    1.000

  Diagonale (Selbst-Overlap): 1.000
  Ausserdiagonale (Kategorie-Kreuzung): 0.262
  >> Kategorien zeigen VERSCHIEDENE Block-Praeferenzen [OK]

--- Mutual Information I(Kategorie; Block) pro Iteration ---
  r=1: 0.0051 nats
  r=2: 0.0121 nats
  r=3: 0.0121 nats
  r=4: 0.0121 nats
  r=5: 0.0121 nats
  r=6: 0.0121 nats
  Trend r=1 -> r=6: 0.0051 -> 0.0121 (steigt)

--- Klassifikator (Naechste-Zentroide auf Routing-Muster) ---
  Zufalls-Baseline: 0.167
  alle Iter (R*nb)         : 0.385  (+0.219 ggue. Zufall)
  r=1                      : 0.365  (+0.198 ggue. Zufall)
  r=2                      : 0.398  (+0.231 ggue. Zufall)
  r=3                      : 0.400  (+0.233 ggue. Zufall)
  r=4                      : 0.400  (+0.233 ggue. Zufall)
  r=5                      : 0.396  (+0.230 ggue. Zufall)
  r=6                      : 0.404  (+0.237 ggue. Zufall)
  bootstrap_mean           : 0.384  (+0.217 ggue. Zufall)
  bootstrap_ci_lo          : 0.362  (+0.195 ggue. Zufall)
  bootstrap_ci_hi          : 0.404  (+0.238 ggue. Zufall)

--- Ablationstest: Selbstschaden vs. Fremdschaden ---
  Ablate Kausalitaet     : eigen=+27.1042  andere=+25.2140  [OK] EIGEN > ANDERE
  Ablate Koreferenz      : eigen=+0.0001  andere=+0.0000  [OK] EIGEN > ANDERE
  Ablate Dialog          : eigen=+8.9224  andere=+7.3396  [OK] EIGEN > ANDERE
  Ablate Emotion         : eigen=+0.0000  andere=+0.0000  [OK] EIGEN > ANDERE
  Ablate Szene/Ort       : eigen=+0.0001  andere=+0.0002  [--] ANDERE >= EIGEN
  Ablate Zeitfolge       : eigen=+0.0004  andere=+0.0001  [OK] EIGEN > ANDERE

--- Baseline-Verlust pro Kategorie ---
  Kausalitaet     : 3.1809 Nats
  Koreferenz      : 3.4218 Nats
  Dialog          : 3.2433 Nats
  Emotion         : 3.3535 Nats
  Szene/Ort       : 3.0715 Nats
  Zeitfolge       : 3.5042 Nats

--- Interpretation ---
  ERGEBNIS B wahrscheinlich: Gemeinsamer Kern + versetzte Satelliten
  Kategorien teilen Hub-Bloecke aber haben aufgaben-spezifische Regionen.

  Ablation-Diagonale: 5/6 Kategorien mit Selbstschaden > Fremdschaden
  Bester Klassifikator: 0.404 (Zufall: 0.167)

========================================================================
GRUPPENABLATION + r=1-KAUSALTEST
========================================================================

--- n_top=5 ---
  group_all   : Diag=+187.273%  Ausserdiag=+164.392%  Dominanz=5/6  [OK]
  group_r1    : Diag=+3.924%  Ausserdiag=+3.477%  Dominanz=4/6  [OK]
  group_r2r6  : Diag=+0.000%  Ausserdiag=+0.001%  Dominanz=3/6  [--]
  random_all  : Diag=+0.004%  Ausserdiag=+0.006%  Dominanz=2/6  [--]
  usage_all   : Diag=+240.355%  Ausserdiag=+248.352%  Dominanz=2/6  [--]

--- n_top=10 ---
  group_all   : Diag=+469.223%  Ausserdiag=+415.820%  Dominanz=4/6  [OK]
  group_r1    : Diag=+7.705%  Ausserdiag=+7.834%  Dominanz=1/6  [--]
  group_r2r6  : Diag=+0.001%  Ausserdiag=+0.002%  Dominanz=4/6  [OK]
  random_all  : Diag=+290.846%  Ausserdiag=+304.797%  Dominanz=2/6  [--]
  usage_all   : Diag=+338.068%  Ausserdiag=+378.276%  Dominanz=2/6  [--]

--- n_top=15 ---
  group_all   : Diag=+516.227%  Ausserdiag=+460.846%  Dominanz=6/6  [OK]
  group_r1    : Diag=+9.237%  Ausserdiag=+9.299%  Dominanz=2/6  [--]
  group_r2r6  : Diag=+0.005%  Ausserdiag=+0.005%  Dominanz=4/6  [OK]
  random_all  : Diag=+317.462%  Ausserdiag=+297.340%  Dominanz=3/6  [--]
  usage_all   : Diag=+333.696%  Ausserdiag=+374.373%  Dominanz=1/6  [--]

r=1-Kausaltest (Diagonale-Mittel n_top=5):
  group_r1   : +3.924%  (Schaden durch NUR r=1-Ablation)
  group_r2r6 : +0.000%  (Schaden durch NUR r=2-6-Ablation)
  group_all  : +187.273%  (Schaden durch ALLE Iter. Ablation)
  >> r=1 traegt 2% des Gesamtschadens — Kern r=2-6 dominiert

--- Balanciertes Bootstrap (10 Draws, balanciert) ---
  Accuracy: 0.384  95%-KI: [0.362, 0.404]
  Zufall: 0.167

--- r=1-Kausal-Score (n_top=5) ---
  group_r1  : +3.902%
  group_r2r6: +0.000%
  group_all : +186.852%
  frac_r1   : 0.021  -> Kern r=2-6 dominiert [--]
[CC] Fertig.
2026-06-17 23:40:44    -> exit=0
2026-06-17 23:40:44  === Kompetenzanalyse Seed 0 / tinystories_curriculum_fromIter2 ===
2026-06-17 23:40:44  RUN: -m experiments.competence_centers_exp --ckpt checkpoints/tinystories_curriculum_fromIter2/seed_0/step_3000 --analysis --device cuda
[CC] Lade TinyStories ...
[CC] 20000 Geschichten geladen.
[CC] Trainiere Tokenizer ...



[CC] Vokabular: 8000
[CC] Baue kategorisierte Fenster (heuristisch) ...
[CC] Gefundene Kategorien (6):
  Kausalitaet     :  2112 Fenster
  Koreferenz      : 24058 Fenster
  Dialog          :   835 Fenster
  Emotion         :  1120 Fenster
  Szene/Ort       :  9265 Fenster
  Zeitfolge       :   934 Fenster
[CC] SHA256 OK: 482fa9f816d2536a...
[CC] Checkpoint geladen: tinystories_curriculum_fromIter2 seed=0 step=3000 (2026-06-17)

[CC] Sammle Routing-Daten (max 1000 Fenster/Kat) ...
[CC] Berechne Metriken ...
[CC] Baue Klassifikator-Features ...
[CC] Balanciertes Bootstrap ...
[CC] Soft-Router-Analyse ...
[CC] Einzelblock-Ablationstest ...
[CC] Gruppenablation + r=1-Kausaltest ...
[CC] Erstelle Grafiken ...
[CC] Grafik gespeichert: C:\_temp\dev\3D KI Modell\recursive-blocklm\results\competence_b64k4R6_s0_analysis_tinystories_curriculum_fromIter2_activation.png
[CC] Grafik gespeichert: C:\_temp\dev\3D KI Modell\recursive-blocklm\results\competence_b64k4R6_s0_analysis_tinystories_curriculum_fromIter2_lift.png
[CC] Grafik gespeichert: C:\_temp\dev\3D KI Modell\recursive-blocklm\results\competence_b64k4R6_s0_analysis_tinystories_curriculum_fromIter2_jaccard.png
[CC] Grafik gespeichert: C:\_temp\dev\3D KI Modell\recursive-blocklm\results\competence_b64k4R6_s0_analysis_tinystories_curriculum_fromIter2_summary.png
[CC] Grafik gespeichert: C:\_temp\dev\3D KI Modell\recursive-blocklm\results\competence_b64k4R6_s0_analysis_tinystories_curriculum_fromIter2_ablation.png
[CC] Grafik gespeichert: C:\_temp\dev\3D KI Modell\recursive-blocklm\results\competence_b64k4R6_s0_analysis_tinystories_curriculum_fromIter2_group_ablation_conds.png
[CC] Grafik gespeichert: C:\_temp\dev\3D KI Modell\recursive-blocklm\results\competence_b64k4R6_s0_analysis_tinystories_curriculum_fromIter2_r1_causal.png
[CC] Ergebnisse gespeichert: results/competence_b64k4R6_s0_analysis_tinystories_curriculum_fromIter2.json

========================================================================
KOMPETENZZENTREN-ANALYSE -- competence_b64k4R6_s0_analysis_tinystories_curriculum_fromIter2 (TinyStories)
========================================================================

Kategorien (6): causality, coreference, dialogue, emotion, scene_shift, temporal
Stichproben:
  Kausalitaet     :  2112 Fenster
  Koreferenz      : 24058 Fenster
  Dialog          :   835 Fenster
  Emotion         :  1120 Fenster
  Szene/Ort       :  9265 Fenster
  Zeitfolge       :   934 Fenster

--- Top-5 Bloecke mit hoechstem Lift (gemittelt ueber Iterationen) ---
  Kausalitaet     : Bloecke [49, 62, 2, 45, 41]  (Lift: ['1.44', '1.30', '1.26', '1.24', '1.19'])
  Koreferenz      : Bloecke [49, 18, 43, 48, 28]  (Lift: ['1.25', '1.13', '1.12', '1.12', '1.11'])
  Dialog          : Bloecke [44, 51, 46, 35, 29]  (Lift: ['1.55', '1.50', '1.32', '1.30', '1.26'])
  Emotion         : Bloecke [9, 34, 39, 53, 31]  (Lift: ['1.33', '1.24', '1.20', '1.17', '1.16'])
  Szene/Ort       : Bloecke [43, 1, 27, 18, 62]  (Lift: ['1.26', '1.24', '1.20', '1.19', '1.19'])
  Zeitfolge       : Bloecke [49, 1, 19, 22, 10]  (Lift: ['1.29', '1.21', '1.20', '1.19', '1.17'])

--- Jaccard-Overlap zwischen Kategorien (Iteration r=2) ---
                  causali  corefer  dialogu  emotion  scene_s  tempora  
  Kausalitaet         1.000    0.333    0.200    0.333    0.412    0.333
  Koreferenz          0.333    1.000    0.263    0.333    0.263    0.200
  Dialog              0.200    0.263    1.000    0.333    0.143    0.200
  Emotion             0.333    0.333    0.333    1.000    0.200    0.263
  Szene/Ort           0.412    0.263    0.143    0.200    1.000    0.412
  Zeitfolge           0.333    0.200    0.200    0.263    0.412    1.000

  Diagonale (Selbst-Overlap): 1.000
  Ausserdiagonale (Kategorie-Kreuzung): 0.282
  >> Kategorien zeigen VERSCHIEDENE Block-Praeferenzen [OK]

--- Mutual Information I(Kategorie; Block) pro Iteration ---
  r=1: 0.0053 nats
  r=2: 0.0102 nats
  r=3: 0.0101 nats
  r=4: 0.0101 nats
  r=5: 0.0101 nats
  r=6: 0.0101 nats
  Trend r=1 -> r=6: 0.0053 -> 0.0101 (steigt)

--- Klassifikator (Naechste-Zentroide auf Routing-Muster) ---
  Zufalls-Baseline: 0.167
  alle Iter (R*nb)         : 0.424  (+0.257 ggue. Zufall)
  r=1                      : 0.359  (+0.193 ggue. Zufall)
  r=2                      : 0.422  (+0.256 ggue. Zufall)
  r=3                      : 0.424  (+0.257 ggue. Zufall)
  r=4                      : 0.419  (+0.252 ggue. Zufall)
  r=5                      : 0.420  (+0.254 ggue. Zufall)
  r=6                      : 0.419  (+0.252 ggue. Zufall)
  bootstrap_mean           : 0.421  (+0.255 ggue. Zufall)
  bootstrap_ci_lo          : 0.391  (+0.224 ggue. Zufall)
  bootstrap_ci_hi          : 0.451  (+0.285 ggue. Zufall)

--- Ablationstest: Selbstschaden vs. Fremdschaden ---
  Ablate Kausalitaet     : eigen=+27.7723  andere=+25.7550  [OK] EIGEN > ANDERE
  Ablate Koreferenz      : eigen=+27.3766  andere=+26.0935  [OK] EIGEN > ANDERE
  Ablate Dialog          : eigen=+9.2083  andere=+7.7266  [OK] EIGEN > ANDERE
  Ablate Emotion         : eigen=+0.0001  andere=+0.0001  [OK] EIGEN > ANDERE
  Ablate Szene/Ort       : eigen=-0.0003  andere=+0.0000  [--] ANDERE >= EIGEN
  Ablate Zeitfolge       : eigen=+28.8529  andere=+25.3572  [OK] EIGEN > ANDERE

--- Baseline-Verlust pro Kategorie ---
  Kausalitaet     : 3.1818 Nats
  Koreferenz      : 3.4273 Nats
  Dialog          : 3.2563 Nats
  Emotion         : 3.3565 Nats
  Szene/Ort       : 3.0760 Nats
  Zeitfolge       : 3.5028 Nats

--- Interpretation ---
  ERGEBNIS B wahrscheinlich: Gemeinsamer Kern + versetzte Satelliten
  Kategorien teilen Hub-Bloecke aber haben aufgaben-spezifische Regionen.

  Ablation-Diagonale: 5/6 Kategorien mit Selbstschaden > Fremdschaden
  Bester Klassifikator: 0.451 (Zufall: 0.167)

========================================================================
GRUPPENABLATION + r=1-KAUSALTEST
========================================================================

--- n_top=5 ---
  group_all   : Diag=+462.459%  Ausserdiag=+432.874%  Dominanz=4/6  [OK]
  group_r1    : Diag=+7.803%  Ausserdiag=+7.759%  Dominanz=2/6  [--]
  group_r2r6  : Diag=-0.002%  Ausserdiag=-0.000%  Dominanz=2/6  [--]
  random_all  : Diag=+0.003%  Ausserdiag=+0.003%  Dominanz=4/6  [OK]
  usage_all   : Diag=+237.199%  Ausserdiag=+259.634%  Dominanz=0/6  [--]

--- n_top=10 ---
  group_all   : Diag=+465.417%  Ausserdiag=+436.684%  Dominanz=3/6  [--]
  group_r1    : Diag=+7.827%  Ausserdiag=+7.771%  Dominanz=1/6  [--]
  group_r2r6  : Diag=-0.001%  Ausserdiag=-0.000%  Dominanz=2/6  [--]
  random_all  : Diag=+331.486%  Ausserdiag=+312.538%  Dominanz=3/6  [--]
  usage_all   : Diag=+234.884%  Ausserdiag=+256.880%  Dominanz=1/6  [--]

--- n_top=15 ---
  group_all   : Diag=+457.380%  Ausserdiag=+428.872%  Dominanz=4/6  [OK]
  group_r1    : Diag=+7.868%  Ausserdiag=+7.812%  Dominanz=2/6  [--]
  group_r2r6  : Diag=+0.002%  Ausserdiag=+0.002%  Dominanz=4/6  [OK]
  random_all  : Diag=+408.458%  Ausserdiag=+390.303%  Dominanz=4/6  [OK]
  usage_all   : Diag=+389.155%  Ausserdiag=+388.606%  Dominanz=1/6  [--]

r=1-Kausaltest (Diagonale-Mittel n_top=5):
  group_r1   : +7.803%  (Schaden durch NUR r=1-Ablation)
  group_r2r6 : -0.002%  (Schaden durch NUR r=2-6-Ablation)
  group_all  : +462.459%  (Schaden durch ALLE Iter. Ablation)
  >> r=1 traegt 2% des Gesamtschadens — Kern r=2-6 dominiert

--- Balanciertes Bootstrap (10 Draws, balanciert) ---
  Accuracy: 0.421  95%-KI: [0.391, 0.451]
  Zufall: 0.167

--- r=1-Kausal-Score (n_top=5) ---
  group_r1  : +7.781%
  group_r2r6: -0.002%
  group_all : +462.364%
  frac_r1   : 0.017  -> Kern r=2-6 dominiert [--]
[CC] Fertig.
2026-06-17 23:53:17    -> exit=0
2026-06-17 23:53:17  === No-Diversity-Warmstart Training (seed 0, 3000 Schritte) ===
2026-06-17 23:53:17  RUN: -m experiments.tinystories_exp --pretrained_ckpt checkpoints/tinystories_phase2/seed_0/step_3000 --steps 3000 --seed 0 --exp_name tinystories_nodiv_warmstart --device cuda --intermediate_ckpt_every 100 --intermediate_ckpt_from 1400
[Exp3] Lade TinyStories (vocab=8000, max_docs=20000) ...



[Exp3] 4,396,460 Tokens geladen, Vokabular: 8000
[CKPT] SHA256 OK: 65b5c3ee0eebaad4...
[CKPT] Geladen: tinystories_phase2 seed=0 step=3000 (2026-06-17)
[Exp3] Warm Start von: checkpoints/tinystories_phase2/seed_0/step_3000
[Exp3] Modell C: 19.3M Parameter, n_blocks=64 k=4 R=6 vocab=8000  [WarmStart]
[Exp3] Training: 3000 Schritte, bs=32, seq=128, device=cuda
  step     1  L1=3.565  Lfin=3.567  Jacc=0.986  |grad|=0.606  2s
  step   500  L1=3.618  Lfin=3.619  Jacc=0.997  |grad|=0.864  335s
  step  1000  L1=3.426  Lfin=3.427  Jacc=0.996  |grad|=0.704  670s
  [CKPT] Zwischenstand: checkpoints\.intermediate\seed_0\step_1400.pt
  [CKPT] Zwischenstand: checkpoints\.intermediate\seed_0\step_1500.pt
  step  1500  L1=3.348  Lfin=3.349  Jacc=0.998  |grad|=0.600  1006s
  [CKPT] Zwischenstand: checkpoints\.intermediate\seed_0\step_1600.pt
  [CKPT] Zwischenstand: checkpoints\.intermediate\seed_0\step_1700.pt
  [CKPT] Zwischenstand: checkpoints\.intermediate\seed_0\step_1800.pt
  [CKPT] Zwischenstand: checkpoints\.intermediate\seed_0\step_1900.pt
  [CKPT] Zwischenstand: checkpoints\.intermediate\seed_0\step_2000.pt
  step  2000  L1=3.164  Lfin=3.165  Jacc=0.995  |grad|=0.598  1346s
  [CKPT] Zwischenstand: checkpoints\.intermediate\seed_0\step_2100.pt
  [CKPT] Zwischenstand: checkpoints\.intermediate\seed_0\step_2200.pt
  [CKPT] Zwischenstand: checkpoints\.intermediate\seed_0\step_2300.pt
  [CKPT] Zwischenstand: checkpoints\.intermediate\seed_0\step_2400.pt
  [CKPT] Zwischenstand: checkpoints\.intermediate\seed_0\step_2500.pt
  step  2500  L1=3.121  Lfin=3.122  Jacc=0.995  |grad|=0.573  1685s
  [CKPT] Zwischenstand: checkpoints\.intermediate\seed_0\step_2600.pt
  [CKPT] Zwischenstand: checkpoints\.intermediate\seed_0\step_2700.pt
  [CKPT] Zwischenstand: checkpoints\.intermediate\seed_0\step_2800.pt
  [CKPT] Zwischenstand: checkpoints\.intermediate\seed_0\step_2900.pt
  [CKPT] Zwischenstand: checkpoints\.intermediate\seed_0\step_3000.pt
  step  3000  L1=3.123  Lfin=3.124  Jacc=0.994  |grad|=0.565  2023s
[Exp3] Gewichte gesichert VOR Auswertung: results/tinystories_b64k4R6_s0_warm_model.pt
[CKPT] Neuer Bestwert (val_loss=3.1244): C:\_temp\dev\3D KI Modell\recursive-blocklm\checkpoints\tinystories_nodiv_warmstart\seed_0\step_3000
[CKPT] Gespeichert: C:\_temp\dev\3D KI Modell\recursive-blocklm\checkpoints\tinystories_nodiv_warmstart\seed_0\step_3000
[CKPT] SHA256:      ab030c97a765a1a08ed55ee9ba04fe0055812c047695b67cbf6494a375a95147
[Exp3] Zwischen-Checkpoints aufgeraeumt: checkpoints\.intermediate\seed_0
[Exp3] Auswertung ...
[Exp3] Per-Iteration-Ablation ...

====================================================================
EXP3 TINYSTORIES  n_blocks=64 k=4 R=6
  vocab=8000  steps=3000  2025s
====================================================================
Verlust pro Iteration:  [3.123, 3.124, 3.124, 3.124, 3.124, 3.124]
Zufall:                 8.987  -> unter Zufall: True
Jaccard (r->r+1):       [0.085, 0.995, 0.995, 0.995, 0.995]
Hub-Gini:               0.5087  (0=flach, 1=ein Block alles)
Top-5-Block-Anteil:     31.2%
Tote Bloecke:           0 / 64

Einzigartige Bloecke/Token: mean=7.5  p50=8  p90=8  (max=24)
Transfer-Reduktion vs. Layer-Offloading:
  n_blocks= 64: 8.55x weniger Transfer
  n_blocks=256: 34.2x weniger Transfer
  n_blocks=1000: 133.61x weniger Transfer

Cache-Miss-Rate:
  cap=  8: gelernt=0.226  zufaellig=0.896  (4.0x)
  cap= 16: gelernt=0.165  zufaellig=0.768  (4.7x)
  cap= 32: gelernt=0.083  zufaellig=0.515  (6.2x)

Effizienzmetrik (L1-Lfin) / (unique_blocks - k):
  L1=3.123  Lfin=3.124  unique_blocks=7.5  k=4
  Effizienzgewinn = -0.00028 Nats/Block

--- Per-Iteration-Ablation ---
  A) Relative Zustandsaenderung ||h_r - h_{r-1}|| / ||h_{r-1}||:
    r1:20.9884  r2:0.0016  r3:0.0014  r4:0.0014  r5:0.0014  r6:0.0014
  D) KL-Divergenz p(r) -> p(r+1) [Output-Aenderung]:
    r1->2:0.0001  r2->3:0.0000  r3->4:0.0000  r4->5:0.0000  r5->6:0.0000
  B) Jaccard-Matrix aller Iterationspaare:
         r1  r2  r3  r4  r5  r6
    r1:  1.00  0.08  0.08  0.08  0.08  0.08
    r2:  0.08  1.00  0.99  0.99  0.99  0.98
    r3:  0.08  0.99  1.00  1.00  0.99  0.99
    r4:  0.08  0.99  1.00  1.00  0.99  0.99
    r5:  0.08  0.99  0.99  0.99  1.00  0.99
    r6:  0.08  0.98  0.99  0.99  0.99  1.00
  C) Erzwungene Diversitaet (Loss-Delta = Forced - Normal, kumulativ):
    r=1: normal=3.171  forced=3.171  delta=+0.000
    r=2: normal=3.171  forced=nan  delta=+nan
    r=3: normal=3.171  forced=nan  delta=+nan
    r=4: normal=3.171  forced=nan  delta=+nan
    r=5: normal=3.172  forced=nan  delta=+nan
    r=6: normal=3.172  forced=nan  delta=+nan
2026-06-18 00:27:36    -> exit=0
2026-06-18 00:27:36  === Kompetenzanalyse Seed 0 / tinystories_nodiv_warmstart ===
2026-06-18 00:27:36  RUN: -m experiments.competence_centers_exp --ckpt checkpoints/tinystories_nodiv_warmstart/seed_0/step_3000 --analysis --device cuda
[CC] Lade TinyStories ...
[CC] 20000 Geschichten geladen.
[CC] Trainiere Tokenizer ...



[CC] Vokabular: 8000
[CC] Baue kategorisierte Fenster (heuristisch) ...
[CC] Gefundene Kategorien (6):
  Kausalitaet     :  2112 Fenster
  Koreferenz      : 24058 Fenster
  Dialog          :   835 Fenster
  Emotion         :  1120 Fenster
  Szene/Ort       :  9265 Fenster
  Zeitfolge       :   934 Fenster
[CC] SHA256 OK: ab030c97a765a1a0...
[CC] Checkpoint geladen: tinystories_nodiv_warmstart seed=0 step=3000 (2026-06-18)

[CC] Sammle Routing-Daten (max 1000 Fenster/Kat) ...
[CC] Berechne Metriken ...
[CC] Baue Klassifikator-Features ...
[CC] Balanciertes Bootstrap ...
[CC] Soft-Router-Analyse ...
[CC] Einzelblock-Ablationstest ...
[CC] Gruppenablation + r=1-Kausaltest ...
[CC] Erstelle Grafiken ...
[CC] Grafik gespeichert: C:\_temp\dev\3D KI Modell\recursive-blocklm\results\competence_b64k4R6_s0_analysis_tinystories_nodiv_warmstart_activation.png
[CC] Grafik gespeichert: C:\_temp\dev\3D KI Modell\recursive-blocklm\results\competence_b64k4R6_s0_analysis_tinystories_nodiv_warmstart_lift.png
[CC] Grafik gespeichert: C:\_temp\dev\3D KI Modell\recursive-blocklm\results\competence_b64k4R6_s0_analysis_tinystories_nodiv_warmstart_jaccard.png
[CC] Grafik gespeichert: C:\_temp\dev\3D KI Modell\recursive-blocklm\results\competence_b64k4R6_s0_analysis_tinystories_nodiv_warmstart_summary.png
[CC] Grafik gespeichert: C:\_temp\dev\3D KI Modell\recursive-blocklm\results\competence_b64k4R6_s0_analysis_tinystories_nodiv_warmstart_ablation.png
[CC] Grafik gespeichert: C:\_temp\dev\3D KI Modell\recursive-blocklm\results\competence_b64k4R6_s0_analysis_tinystories_nodiv_warmstart_group_ablation_conds.png
[CC] Grafik gespeichert: C:\_temp\dev\3D KI Modell\recursive-blocklm\results\competence_b64k4R6_s0_analysis_tinystories_nodiv_warmstart_r1_causal.png
[CC] Ergebnisse gespeichert: results/competence_b64k4R6_s0_analysis_tinystories_nodiv_warmstart.json

========================================================================
KOMPETENZZENTREN-ANALYSE -- competence_b64k4R6_s0_analysis_tinystories_nodiv_warmstart (TinyStories)
========================================================================

Kategorien (6): causality, coreference, dialogue, emotion, scene_shift, temporal
Stichproben:
  Kausalitaet     :  2112 Fenster
  Koreferenz      : 24058 Fenster
  Dialog          :   835 Fenster
  Emotion         :  1120 Fenster
  Szene/Ort       :  9265 Fenster
  Zeitfolge       :   934 Fenster

--- Top-5 Bloecke mit hoechstem Lift (gemittelt ueber Iterationen) ---
  Kausalitaet     : Bloecke [50, 2, 62, 6, 22]  (Lift: ['1.50', '1.32', '1.25', '1.23', '1.23'])
  Koreferenz      : Bloecke [28, 42, 20, 26, 18]  (Lift: ['1.64', '1.27', '1.13', '1.13', '1.12'])
  Dialog          : Bloecke [17, 52, 29, 7, 26]  (Lift: ['1.69', '1.56', '1.50', '1.45', '1.45'])
  Emotion         : Bloecke [45, 43, 30, 20, 9]  (Lift: ['1.30', '1.24', '1.23', '1.18', '1.17'])
  Szene/Ort       : Bloecke [1, 21, 14, 62, 25]  (Lift: ['1.24', '1.23', '1.20', '1.19', '1.17'])
  Zeitfolge       : Bloecke [30, 1, 16, 10, 4]  (Lift: ['1.25', '1.22', '1.17', '1.17', '1.17'])

--- Jaccard-Overlap zwischen Kategorien (Iteration r=2) ---
                  causali  corefer  dialogu  emotion  scene_s  tempora  
  Kausalitaet         1.000    0.846    0.600    0.846    0.846    1.000
  Koreferenz          0.846    1.000    0.600    0.846    1.000    0.846
  Dialog              0.600    0.600    1.000    0.714    0.600    0.600
  Emotion             0.846    0.846    0.714    1.000    0.846    0.846
  Szene/Ort           0.846    1.000    0.600    0.846    1.000    0.846
  Zeitfolge           1.000    0.846    0.600    0.846    0.846    1.000

  Diagonale (Selbst-Overlap): 1.000
  Ausserdiagonale (Kategorie-Kreuzung): 0.792
  >> Kategorien zeigen AEHNLICHE Block-Praeferenzen (universaler Kern?)

--- Mutual Information I(Kategorie; Block) pro Iteration ---
  r=1: 0.0055 nats
  r=2: 0.0078 nats
  r=3: 0.0078 nats
  r=4: 0.0078 nats
  r=5: 0.0078 nats
  r=6: 0.0078 nats
  Trend r=1 -> r=6: 0.0055 -> 0.0078 (steigt)

--- Klassifikator (Naechste-Zentroide auf Routing-Muster) ---
  Zufalls-Baseline: 0.167
  alle Iter (R*nb)         : 0.383  (+0.217 ggue. Zufall)
  r=1                      : 0.419  (+0.252 ggue. Zufall)
  r=2                      : 0.372  (+0.206 ggue. Zufall)
  r=3                      : 0.372  (+0.206 ggue. Zufall)
  r=4                      : 0.378  (+0.211 ggue. Zufall)
  r=5                      : 0.383  (+0.217 ggue. Zufall)
  r=6                      : 0.378  (+0.211 ggue. Zufall)
  bootstrap_mean           : 0.376  (+0.209 ggue. Zufall)
  bootstrap_ci_lo          : 0.360  (+0.193 ggue. Zufall)
  bootstrap_ci_hi          : 0.402  (+0.235 ggue. Zufall)

--- Ablationstest: Selbstschaden vs. Fremdschaden ---
  Ablate Kausalitaet     : eigen=-0.0000  andere=-0.0000  [--] ANDERE >= EIGEN
  Ablate Koreferenz      : eigen=+0.0001  andere=+0.0000  [OK] EIGEN > ANDERE
  Ablate Dialog          : eigen=-0.0002  andere=+0.0001  [--] ANDERE >= EIGEN
  Ablate Emotion         : eigen=-0.0001  andere=-0.0000  [--] ANDERE >= EIGEN
  Ablate Szene/Ort       : eigen=-0.0001  andere=+0.0000  [--] ANDERE >= EIGEN
  Ablate Zeitfolge       : eigen=+0.0000  andere=+0.0000  [OK] EIGEN > ANDERE

--- Baseline-Verlust pro Kategorie ---
  Kausalitaet     : 3.1816 Nats
  Koreferenz      : 3.4272 Nats
  Dialog          : 3.2555 Nats
  Emotion         : 3.3559 Nats
  Szene/Ort       : 3.0758 Nats
  Zeitfolge       : 3.5027 Nats

--- Interpretation ---
  ERGEBNIS GEMISCHT: Jaccard-Overlap=0.792, Klassifikator=0.419

  Ablation-Diagonale: 2/6 Kategorien mit Selbstschaden > Fremdschaden
  Bester Klassifikator: 0.419 (Zufall: 0.167)

========================================================================
GRUPPENABLATION + r=1-KAUSALTEST
========================================================================

--- n_top=5 ---
  group_all   : Diag=-0.003%  Ausserdiag=+0.001%  Dominanz=2/6  [--]
  group_r1    : Diag=-0.001%  Ausserdiag=+0.000%  Dominanz=2/6  [--]
  group_r2r6  : Diag=-0.002%  Ausserdiag=+0.000%  Dominanz=2/6  [--]
  random_all  : Diag=-0.001%  Ausserdiag=-0.001%  Dominanz=3/6  [--]
  usage_all   : Diag=+1702.999%  Ausserdiag=+1702.804%  Dominanz=2/6  [--]

--- n_top=10 ---
  group_all   : Diag=-0.001%  Ausserdiag=+0.001%  Dominanz=2/6  [--]
  group_r1    : Diag=-0.001%  Ausserdiag=+0.001%  Dominanz=0/6  [--]
  group_r2r6  : Diag=-0.000%  Ausserdiag=+0.000%  Dominanz=4/6  [OK]
  random_all  : Diag=+332.579%  Ausserdiag=+313.901%  Dominanz=1/6  [--]
  usage_all   : Diag=+1702.877%  Ausserdiag=+1703.494%  Dominanz=2/6  [--]

--- n_top=15 ---
  group_all   : Diag=+0.002%  Ausserdiag=+0.001%  Dominanz=3/6  [--]
  group_r1    : Diag=-0.000%  Ausserdiag=+0.002%  Dominanz=2/6  [--]
  group_r2r6  : Diag=+0.002%  Ausserdiag=-0.001%  Dominanz=3/6  [--]
  random_all  : Diag=+408.686%  Ausserdiag=+389.708%  Dominanz=2/6  [--]
  usage_all   : Diag=+1702.588%  Ausserdiag=+1702.710%  Dominanz=2/6  [--]

r=1-Kausaltest (Diagonale-Mittel n_top=5):
  group_r1   : -0.001%  (Schaden durch NUR r=1-Ablation)
  group_r2r6 : -0.002%  (Schaden durch NUR r=2-6-Ablation)
  group_all  : -0.003%  (Schaden durch ALLE Iter. Ablation)
  >> r=1 traegt -31% des Gesamtschadens — Kern r=2-6 dominiert

--- Balanciertes Bootstrap (10 Draws, balanciert) ---
  Accuracy: 0.376  95%-KI: [0.360, 0.402]
  Zufall: 0.167

--- r=1-Kausal-Score (n_top=5) ---
  group_r1  : -0.001%
  group_r2r6: -0.002%
  group_all : -0.003%
  frac_r1   : -0.311  -> Kern r=2-6 dominiert [--]
[CC] Fertig.
2026-06-18 00:40:31    -> exit=0
2026-06-18 00:40:31  PIPELINE FERTIG.
